This is XeTeX, Version 3.14159265-2.6-0.99999 (TeX Live 2018) (preloaded format=xelatex 2019.2.6)  21 JUN 2019 14:29
entering extended mode
 restricted \write18 enabled.
 %&-line parsing enabled.
**CSA-Book.tex
(./CSA-Book.tex
LaTeX2e <2018-12-01>
(/usr/local/texlive/2018/texmf-dist/tex/latex/base/book.cls
Document Class: book 2018/09/03 v1.4i Standard LaTeX document class
(/usr/local/texlive/2018/texmf-dist/tex/latex/base/bk12.clo
File: bk12.clo 2018/09/03 v1.4i Standard LaTeX file (size option)
)
\c@part=\count80
\c@chapter=\count81
\c@section=\count82
\c@subsection=\count83
\c@subsubsection=\count84
\c@paragraph=\count85
\c@subparagraph=\count86
\c@figure=\count87
\c@table=\count88
\abovecaptionskip=\skip41
\belowcaptionskip=\skip42
\bibindent=\dimen102
) (/usr/local/texlive/2018/texmf-dist/tex/latex/lm/lmodern.sty
Package: lmodern 2009/10/30 v1.6 Latin Modern Fonts
LaTeX Font Info:    Overwriting symbol font `operators' in version `normal'
(Font)                  OT1/cmr/m/n --> OT1/lmr/m/n on input line 22.
LaTeX Font Info:    Overwriting symbol font `letters' in version `normal'
(Font)                  OML/cmm/m/it --> OML/lmm/m/it on input line 23.
LaTeX Font Info:    Overwriting symbol font `symbols' in version `normal'
(Font)                  OMS/cmsy/m/n --> OMS/lmsy/m/n on input line 24.
LaTeX Font Info:    Overwriting symbol font `largesymbols' in version `normal'
(Font)                  OMX/cmex/m/n --> OMX/lmex/m/n on input line 25.
LaTeX Font Info:    Overwriting symbol font `operators' in version `bold'
(Font)                  OT1/cmr/bx/n --> OT1/lmr/bx/n on input line 26.
LaTeX Font Info:    Overwriting symbol font `letters' in version `bold'
(Font)                  OML/cmm/b/it --> OML/lmm/b/it on input line 27.
LaTeX Font Info:    Overwriting symbol font `symbols' in version `bold'
(Font)                  OMS/cmsy/b/n --> OMS/lmsy/b/n on input line 28.
LaTeX Font Info:    Overwriting symbol font `largesymbols' in version `bold'
(Font)                  OMX/cmex/m/n --> OMX/lmex/m/n on input line 29.
LaTeX Font Info:    Overwriting math alphabet `\mathbf' in version `normal'
(Font)                  OT1/cmr/bx/n --> OT1/lmr/bx/n on input line 31.
LaTeX Font Info:    Overwriting math alphabet `\mathsf' in version `normal'
(Font)                  OT1/cmss/m/n --> OT1/lmss/m/n on input line 32.
LaTeX Font Info:    Overwriting math alphabet `\mathit' in version `normal'
(Font)                  OT1/cmr/m/it --> OT1/lmr/m/it on input line 33.
LaTeX Font Info:    Overwriting math alphabet `\mathtt' in version `normal'
(Font)                  OT1/cmtt/m/n --> OT1/lmtt/m/n on input line 34.
LaTeX Font Info:    Overwriting math alphabet `\mathbf' in version `bold'
(Font)                  OT1/cmr/bx/n --> OT1/lmr/bx/n on input line 35.
LaTeX Font Info:    Overwriting math alphabet `\mathsf' in version `bold'
(Font)                  OT1/cmss/bx/n --> OT1/lmss/bx/n on input line 36.
LaTeX Font Info:    Overwriting math alphabet `\mathit' in version `bold'
(Font)                  OT1/cmr/bx/it --> OT1/lmr/bx/it on input line 37.
LaTeX Font Info:    Overwriting math alphabet `\mathtt' in version `bold'
(Font)                  OT1/cmtt/m/n --> OT1/lmtt/m/n on input line 38.
) (/usr/local/texlive/2018/texmf-dist/tex/latex/amsfonts/amssymb.sty
Package: amssymb 2013/01/14 v3.01 AMS font symbols
(/usr/local/texlive/2018/texmf-dist/tex/latex/amsfonts/amsfonts.sty
Package: amsfonts 2013/01/14 v3.01 Basic AMSFonts support
\@emptytoks=\toks14
\symAMSa=\mathgroup4
\symAMSb=\mathgroup5
LaTeX Font Info:    Overwriting math alphabet `\mathfrak' in version `bold'
(Font)                  U/euf/m/n --> U/euf/b/n on input line 106.
)) (/usr/local/texlive/2018/texmf-dist/tex/latex/amsmath/amsmath.sty
Package: amsmath 2018/12/01 v2.17b AMS math features
\@mathmargin=\skip43
For additional information on amsmath, use the `?' option.
(/usr/local/texlive/2018/texmf-dist/tex/latex/amsmath/amstext.sty
Package: amstext 2000/06/29 v2.01 AMS text
(/usr/local/texlive/2018/texmf-dist/tex/latex/amsmath/amsgen.sty
File: amsgen.sty 1999/11/30 v2.0 generic functions
\@emptytoks=\toks15
\ex@=\dimen103
)) (/usr/local/texlive/2018/texmf-dist/tex/latex/amsmath/amsbsy.sty
Package: amsbsy 1999/11/29 v1.2d Bold Symbols
\pmbraise@=\dimen104
) (/usr/local/texlive/2018/texmf-dist/tex/latex/amsmath/amsopn.sty
Package: amsopn 2016/03/08 v2.02 operator names
)
\inf@bad=\count89
LaTeX Info: Redefining \frac on input line 223.
\uproot@=\count90
\leftroot@=\count91
LaTeX Info: Redefining \overline on input line 385.
\classnum@=\count92
\DOTSCASE@=\count93
LaTeX Info: Redefining \ldots on input line 482.
LaTeX Info: Redefining \dots on input line 485.
LaTeX Info: Redefining \cdots on input line 606.
\Mathstrutbox@=\box27
\strutbox@=\box28
\big@size=\dimen105
LaTeX Font Info:    Redeclaring font encoding OML on input line 729.
LaTeX Font Info:    Redeclaring font encoding OMS on input line 730.
\macc@depth=\count94
\c@MaxMatrixCols=\count95
\dotsspace@=\muskip10
\c@parentequation=\count96
\dspbrk@lvl=\count97
\tag@help=\toks16
\row@=\count98
\column@=\count99
\maxfields@=\count100
\andhelp@=\toks17
\eqnshift@=\dimen106
\alignsep@=\dimen107
\tagshift@=\dimen108
\tagwidth@=\dimen109
\totwidth@=\dimen110
\lineht@=\dimen111
\@envbody=\toks18
\multlinegap=\skip44
\multlinetaggap=\skip45
\mathdisplay@stack=\toks19
LaTeX Info: Redefining \[ on input line 2844.
LaTeX Info: Redefining \] on input line 2845.
) (/usr/local/texlive/2018/texmf-dist/tex/generic/ifxetex/ifxetex.sty
Package: ifxetex 2010/09/12 v0.6 Provides ifxetex conditional
) (/usr/local/texlive/2018/texmf-dist/tex/generic/oberdiek/ifluatex.sty
Package: ifluatex 2016/05/16 v1.4 Provides the ifluatex switch (HO)
Package ifluatex Info: LuaTeX not detected.
) (/usr/local/texlive/2018/texmf-dist/tex/latex/base/fixltx2e.sty
Package: fixltx2e 2016/12/29 v2.1a fixes to LaTeX (obsolete)
Applying: [2015/01/01] Old fixltx2e package on input line 46.

Package fixltx2e Warning: fixltx2e is not required with releases after 2015
(fixltx2e)                All fixes are now in the LaTeX kernel.
(fixltx2e)                See the latexrelease package for details.

Already applied: [0000/00/00] Old fixltx2e package on input line 53.
) (/usr/local/texlive/2018/texmf-dist/tex/xelatex/mathspec/mathspec.sty
Package: mathspec 2016/12/22 v0.2b LaTeX Package (Mathematics font selection fo
r XeLaTeX)
(/usr/local/texlive/2018/texmf-dist/tex/latex/etoolbox/etoolbox.sty
Package: etoolbox 2018/08/19 v2.5f e-TeX tools for LaTeX (JAW)
\etb@tempcnta=\count101
) (/usr/local/texlive/2018/texmf-dist/tex/latex/fontspec/fontspec.sty (/usr/loc
al/texlive/2018/texmf-dist/tex/latex/l3packages/xparse/xparse.sty (/usr/local/t
exlive/2018/texmf-dist/tex/latex/l3kernel/expl3.sty
Package: expl3 2019-01-28 L3 programming layer (loader) 
(/usr/local/texlive/2018/texmf-dist/tex/latex/l3kernel/expl3-code.tex
Package: expl3 2019-01-28 L3 programming layer (code)
\c_max_int=\count102
\l_tmpa_int=\count103
\l_tmpb_int=\count104
\g_tmpa_int=\count105
\g_tmpb_int=\count106
\g__kernel_prg_map_int=\count107
\c_log_iow=\count108
\l_iow_line_count_int=\count109
\l__iow_line_target_int=\count110
\l__iow_one_indent_int=\count111
\l__iow_indent_int=\count112
\c_zero_dim=\dimen112
\c_max_dim=\dimen113
\l_tmpa_dim=\dimen114
\l_tmpb_dim=\dimen115
\g_tmpa_dim=\dimen116
\g_tmpb_dim=\dimen117
\c_zero_skip=\skip46
\c_max_skip=\skip47
\l_tmpa_skip=\skip48
\l_tmpb_skip=\skip49
\g_tmpa_skip=\skip50
\g_tmpb_skip=\skip51
\c_zero_muskip=\muskip11
\c_max_muskip=\muskip12
\l_tmpa_muskip=\muskip13
\l_tmpb_muskip=\muskip14
\g_tmpa_muskip=\muskip15
\g_tmpb_muskip=\muskip16
\l_keys_choice_int=\count113
\l__intarray_loop_int=\count114
\c__intarray_sp_dim=\dimen118
\g__intarray_font_int=\count115
\c__fp_leading_shift_int=\count116
\c__fp_middle_shift_int=\count117
\c__fp_trailing_shift_int=\count118
\c__fp_big_leading_shift_int=\count119
\c__fp_big_middle_shift_int=\count120
\c__fp_big_trailing_shift_int=\count121
\c__fp_Bigg_leading_shift_int=\count122
\c__fp_Bigg_middle_shift_int=\count123
\c__fp_Bigg_trailing_shift_int=\count124
\g__fp_array_int=\count125
\l__fp_array_loop_int=\count126
\l__sort_length_int=\count127
\l__sort_min_int=\count128
\l__sort_top_int=\count129
\l__sort_max_int=\count130
\l__sort_true_max_int=\count131
\l__sort_block_int=\count132
\l__sort_begin_int=\count133
\l__sort_end_int=\count134
\l__sort_A_int=\count135
\l__sort_B_int=\count136
\l__sort_C_int=\count137
\l__tl_analysis_normal_int=\count138
\l__tl_analysis_index_int=\count139
\l__tl_analysis_nesting_int=\count140
\l__tl_analysis_type_int=\count141
\l__regex_internal_a_int=\count142
\l__regex_internal_b_int=\count143
\l__regex_internal_c_int=\count144
\l__regex_balance_int=\count145
\l__regex_group_level_int=\count146
\l__regex_mode_int=\count147
\c__regex_cs_in_class_mode_int=\count148
\c__regex_cs_mode_int=\count149
\l__regex_catcodes_int=\count150
\l__regex_default_catcodes_int=\count151
\c__regex_catcode_L_int=\count152
\c__regex_catcode_O_int=\count153
\c__regex_catcode_A_int=\count154
\c__regex_all_catcodes_int=\count155
\l__regex_show_lines_int=\count156
\l__regex_min_state_int=\count157
\l__regex_max_state_int=\count158
\l__regex_left_state_int=\count159
\l__regex_right_state_int=\count160
\l__regex_capturing_group_int=\count161
\l__regex_min_pos_int=\count162
\l__regex_max_pos_int=\count163
\l__regex_curr_pos_int=\count164
\l__regex_start_pos_int=\count165
\l__regex_success_pos_int=\count166
\l__regex_curr_char_int=\count167
\l__regex_curr_catcode_int=\count168
\l__regex_last_char_int=\count169
\l__regex_case_changed_char_int=\count170
\l__regex_curr_state_int=\count171
\l__regex_step_int=\count172
\l__regex_min_active_int=\count173
\l__regex_max_active_int=\count174
\l__regex_replacement_csnames_int=\count175
\l__regex_match_count_int=\count176
\l__regex_min_submatch_int=\count177
\l__regex_submatch_int=\count178
\l__regex_zeroth_submatch_int=\count179
\g__regex_trace_regex_int=\count180
\c_empty_box=\box29
\l_tmpa_box=\box30
\l_tmpb_box=\box31
\g_tmpa_box=\box32
\g_tmpb_box=\box33
\l__box_top_dim=\dimen119
\l__box_bottom_dim=\dimen120
\l__box_left_dim=\dimen121
\l__box_right_dim=\dimen122
\l__box_top_new_dim=\dimen123
\l__box_bottom_new_dim=\dimen124
\l__box_left_new_dim=\dimen125
\l__box_right_new_dim=\dimen126
\l__box_internal_box=\box34
\l__coffin_internal_box=\box35
\l__coffin_internal_dim=\dimen127
\l__coffin_offset_x_dim=\dimen128
\l__coffin_offset_y_dim=\dimen129
\l__coffin_x_dim=\dimen130
\l__coffin_y_dim=\dimen131
\l__coffin_x_prime_dim=\dimen132
\l__coffin_y_prime_dim=\dimen133
\c_empty_coffin=\box36
\l__coffin_aligned_coffin=\box37
\l__coffin_aligned_internal_coffin=\box38
\l_tmpa_coffin=\box39
\l_tmpb_coffin=\box40
\g_tmpa_coffin=\box41
\g_tmpb_coffin=\box42
\c__coffin_empty_coffin=\box43
\l__coffin_display_coffin=\box44
\l__coffin_display_coord_coffin=\box45
\l__coffin_display_pole_coffin=\box46
\l__coffin_display_offset_dim=\dimen134
\l__coffin_display_x_dim=\dimen135
\l__coffin_display_y_dim=\dimen136
\g__file_internal_ior=\read1
\l__coffin_bounding_shift_dim=\dimen137
\l__coffin_left_corner_dim=\dimen138
\l__coffin_right_corner_dim=\dimen139
\l__coffin_bottom_corner_dim=\dimen140
\l__coffin_top_corner_dim=\dimen141
\l__coffin_scaled_total_height_dim=\dimen142
\l__coffin_scaled_width_dim=\dimen143
) (/usr/local/texlive/2018/texmf-dist/tex/latex/l3kernel/l3xdvipdfmx.def
File: l3xdvipdfmx.def 2019-01-28 v L3 Experimental driver: xdvipdfmx
\g__driver_image_int=\count181
\g__driver_pdf_object_int=\count182
))
Package: xparse 2018-10-17 L3 Experimental document command parser
\l__xparse_current_arg_int=\count183
\g__xparse_grabber_int=\count184
\l__xparse_m_args_int=\count185
\l__xparse_mandatory_args_int=\count186
\l__xparse_v_nesting_int=\count187
)
Package: fontspec 2019/01/25 v2.7a Font selection for XeLaTeX and LuaLaTeX
(/usr/local/texlive/2018/texmf-dist/tex/latex/fontspec/fontspec-xetex.sty
Package: fontspec-xetex 2019/01/25 v2.7a Font selection for XeLaTeX and LuaLaTe
X
\l__fontspec_script_int=\count188
\l__fontspec_language_int=\count189
\l__fontspec_strnum_int=\count190
\l__fontspec_tmp_int=\count191
\l__fontspec_tmpa_int=\count192
\l__fontspec_tmpb_int=\count193
\l__fontspec_tmpc_int=\count194
\l__fontspec_em_int=\count195
\l__fontspec_emdef_int=\count196
\l__fontspec_strong_int=\count197
\l__fontspec_strongdef_int=\count198
\l__fontspec_tmpa_dim=\dimen144
\l__fontspec_tmpb_dim=\dimen145
\l__fontspec_tmpc_dim=\dimen146
(/usr/local/texlive/2018/texmf-dist/tex/latex/base/fontenc.sty
Package: fontenc 2018/08/11 v2.0j Standard LaTeX package
(/usr/local/texlive/2018/texmf-dist/tex/latex/base/tuenc.def
File: tuenc.def 2018/08/11 v2.0j Standard LaTeX file
LaTeX Font Info:    Redeclaring font encoding TU on input line 82.
)) (/usr/local/texlive/2018/texmf-dist/tex/latex/fontspec/fontspec.cfg)
LaTeX Info: Redefining \itshape on input line 4017.
LaTeX Info: Redefining \slshape on input line 4022.
LaTeX Info: Redefining \scshape on input line 4027.
LaTeX Info: Redefining \upshape on input line 4032.
LaTeX Info: Redefining \em on input line 4062.
LaTeX Info: Redefining \emph on input line 4087.
)) (/usr/local/texlive/2018/texmf-dist/tex/latex/xkeyval/xkeyval.sty
Package: xkeyval 2014/12/03 v2.7a package option processing (HA)
(/usr/local/texlive/2018/texmf-dist/tex/generic/xkeyval/xkeyval.tex (/usr/local
/texlive/2018/texmf-dist/tex/generic/xkeyval/xkvutils.tex
\XKV@toks=\toks20
\XKV@tempa@toks=\toks21
(/usr/local/texlive/2018/texmf-dist/tex/generic/xkeyval/keyval.tex))
\XKV@depth=\count199
File: xkeyval.tex 2014/12/03 v2.7a key=value parser (HA)
))
\c@eu@=\count266
\c@eu@i=\count267
\c@mkern=\count268
)

Package fontspec Info: Source Code Pro scale = 0.8979170143607594.


Package fontspec Info: Source Code Pro scale = 0.8979170143607594.


Package fontspec Info: Source Code Pro/B scale = 0.8979170143607594.


Package fontspec Info: Source Code Pro/I scale = 0.8979170143607594.


Package fontspec Info: Source Code Pro/BI scale = 0.8979170143607594.


Package fontspec Info: Font family 'SourceCodePro(0)' created for font 'Source
(fontspec)             Code Pro' with options
(fontspec)             [Ligatures=TeX,Scale=MatchLowercase,WordSpace={1,0,0},Hy
phenChar=None,PunctuationSpace=WordSpace,Mapping=tex-ansi,Scale=0.7].
(fontspec)              
(fontspec)              This font family consists of the following NFSS
(fontspec)             series/shapes:
(fontspec)              
(fontspec)             - 'normal' (m/n) with NFSS spec.: <->s*[0.7]"Source
(fontspec)             Code
(fontspec)             Pro/OT:script=latn;language=DFLT;mapping=tex-ansi;"
(fontspec)             - 'small caps'  (m/sc) with NFSS spec.: 
(fontspec)             and font adjustment code:
(fontspec)             \fontdimen 2\font =1\fontdimen 2\font \fontdimen 3\font
(fontspec)             =0\fontdimen 3\font \fontdimen 4\font =0\fontdimen
(fontspec)             4\font \fontdimen 7\font =0\fontdimen 2\font
(fontspec)             \tex_hyphenchar:D \font =-1\scan_stop: 
(fontspec)             - 'bold' (bx/n) with NFSS spec.: <->s*[0.7]"Source Code
(fontspec)             Pro/B/OT:script=latn;language=DFLT;mapping=tex-ansi;"
(fontspec)             - 'bold small caps'  (bx/sc) with NFSS spec.: 
(fontspec)             and font adjustment code:
(fontspec)             \fontdimen 2\font =1\fontdimen 2\font \fontdimen 3\font
(fontspec)             =0\fontdimen 3\font \fontdimen 4\font =0\fontdimen
(fontspec)             4\font \fontdimen 7\font =0\fontdimen 2\font
(fontspec)             \tex_hyphenchar:D \font =-1\scan_stop: 
(fontspec)             - 'italic' (m/it) with NFSS spec.: <->s*[0.7]"Source
(fontspec)             Code
(fontspec)             Pro/I/OT:script=latn;language=DFLT;mapping=tex-ansi;"
(fontspec)             - 'italic small caps'  (m/itsc) with NFSS spec.: 
(fontspec)             and font adjustment code:
(fontspec)             \fontdimen 2\font =1\fontdimen 2\font \fontdimen 3\font
(fontspec)             =0\fontdimen 3\font \fontdimen 4\font =0\fontdimen
(fontspec)             4\font \fontdimen 7\font =0\fontdimen 2\font
(fontspec)             \tex_hyphenchar:D \font =-1\scan_stop: 
(fontspec)             - 'bold italic' (bx/it) with NFSS spec.:
(fontspec)             <->s*[0.7]"Source Code
(fontspec)             Pro/BI/OT:script=latn;language=DFLT;mapping=tex-ansi;"
(fontspec)             - 'bold italic small caps'  (bx/itsc) with NFSS spec.: 
(fontspec)             and font adjustment code:
(fontspec)             \fontdimen 2\font =1\fontdimen 2\font \fontdimen 3\font
(fontspec)             =0\fontdimen 3\font \fontdimen 4\font =0\fontdimen
(fontspec)             4\font \fontdimen 7\font =0\fontdimen 2\font
(fontspec)             \tex_hyphenchar:D \font =-1\scan_stop: 

LaTeX Info: Redefining \ttfamily on input line 17.
(/usr/local/texlive/2018/texmf-dist/tex/latex/upquote/upquote.sty
Package: upquote 2012/04/19 v1.3 upright-quote and grave-accent glyphs in verba
tim
(/usr/local/texlive/2018/texmf-dist/tex/latex/base/textcomp.sty
Package: textcomp 2018/08/11 v2.0j Standard LaTeX package
Package textcomp Info: Sub-encoding information:
(textcomp)               5 = only ISO-Adobe without \textcurrency
(textcomp)               4 = 5 + \texteuro
(textcomp)               3 = 4 + \textohm
(textcomp)               2 = 3 + \textestimated + \textcurrency
(textcomp)               1 = TS1 - \textcircled - \t
(textcomp)               0 = TS1 (full)
(textcomp)             Font families with sub-encoding setting implement
(textcomp)             only a restricted character set as indicated.
(textcomp)             Family '?' is the default used for unknown fonts.
(textcomp)             See the documentation for details.
Package textcomp Info: Setting ? sub-encoding to TS1/1 on input line 79.
(/usr/local/texlive/2018/texmf-dist/tex/latex/base/ts1enc.def
File: ts1enc.def 2001/06/05 v3.0e (jk/car/fm) Standard LaTeX file
)
LaTeX Info: Redefining \oldstylenums on input line 334.
Package textcomp Info: Setting cmr sub-encoding to TS1/0 on input line 349.
Package textcomp Info: Setting cmss sub-encoding to TS1/0 on input line 350.
Package textcomp Info: Setting cmtt sub-encoding to TS1/0 on input line 351.
Package textcomp Info: Setting cmvtt sub-encoding to TS1/0 on input line 352.
Package textcomp Info: Setting cmbr sub-encoding to TS1/0 on input line 353.
Package textcomp Info: Setting cmtl sub-encoding to TS1/0 on input line 354.
Package textcomp Info: Setting ccr sub-encoding to TS1/0 on input line 355.
Package textcomp Info: Setting ptm sub-encoding to TS1/4 on input line 356.
Package textcomp Info: Setting pcr sub-encoding to TS1/4 on input line 357.
Package textcomp Info: Setting phv sub-encoding to TS1/4 on input line 358.
Package textcomp Info: Setting ppl sub-encoding to TS1/3 on input line 359.
Package textcomp Info: Setting pag sub-encoding to TS1/4 on input line 360.
Package textcomp Info: Setting pbk sub-encoding to TS1/4 on input line 361.
Package textcomp Info: Setting pnc sub-encoding to TS1/4 on input line 362.
Package textcomp Info: Setting pzc sub-encoding to TS1/4 on input line 363.
Package textcomp Info: Setting bch sub-encoding to TS1/4 on input line 364.
Package textcomp Info: Setting put sub-encoding to TS1/5 on input line 365.
Package textcomp Info: Setting uag sub-encoding to TS1/5 on input line 366.
Package textcomp Info: Setting ugq sub-encoding to TS1/5 on input line 367.
Package textcomp Info: Setting ul8 sub-encoding to TS1/4 on input line 368.
Package textcomp Info: Setting ul9 sub-encoding to TS1/4 on input line 369.
Package textcomp Info: Setting augie sub-encoding to TS1/5 on input line 370.
Package textcomp Info: Setting dayrom sub-encoding to TS1/3 on input line 371.
Package textcomp Info: Setting dayroms sub-encoding to TS1/3 on input line 372.

Package textcomp Info: Setting pxr sub-encoding to TS1/0 on input line 373.
Package textcomp Info: Setting pxss sub-encoding to TS1/0 on input line 374.
Package textcomp Info: Setting pxtt sub-encoding to TS1/0 on input line 375.
Package textcomp Info: Setting txr sub-encoding to TS1/0 on input line 376.
Package textcomp Info: Setting txss sub-encoding to TS1/0 on input line 377.
Package textcomp Info: Setting txtt sub-encoding to TS1/0 on input line 378.
Package textcomp Info: Setting lmr sub-encoding to TS1/0 on input line 379.
Package textcomp Info: Setting lmdh sub-encoding to TS1/0 on input line 380.
Package textcomp Info: Setting lmss sub-encoding to TS1/0 on input line 381.
Package textcomp Info: Setting lmssq sub-encoding to TS1/0 on input line 382.
Package textcomp Info: Setting lmvtt sub-encoding to TS1/0 on input line 383.
Package textcomp Info: Setting lmtt sub-encoding to TS1/0 on input line 384.
Package textcomp Info: Setting qhv sub-encoding to TS1/0 on input line 385.
Package textcomp Info: Setting qag sub-encoding to TS1/0 on input line 386.
Package textcomp Info: Setting qbk sub-encoding to TS1/0 on input line 387.
Package textcomp Info: Setting qcr sub-encoding to TS1/0 on input line 388.
Package textcomp Info: Setting qcs sub-encoding to TS1/0 on input line 389.
Package textcomp Info: Setting qpl sub-encoding to TS1/0 on input line 390.
Package textcomp Info: Setting qtm sub-encoding to TS1/0 on input line 391.
Package textcomp Info: Setting qzc sub-encoding to TS1/0 on input line 392.
Package textcomp Info: Setting qhvc sub-encoding to TS1/0 on input line 393.
Package textcomp Info: Setting futs sub-encoding to TS1/4 on input line 394.
Package textcomp Info: Setting futx sub-encoding to TS1/4 on input line 395.
Package textcomp Info: Setting futj sub-encoding to TS1/4 on input line 396.
Package textcomp Info: Setting hlh sub-encoding to TS1/3 on input line 397.
Package textcomp Info: Setting hls sub-encoding to TS1/3 on input line 398.
Package textcomp Info: Setting hlst sub-encoding to TS1/3 on input line 399.
Package textcomp Info: Setting hlct sub-encoding to TS1/5 on input line 400.
Package textcomp Info: Setting hlx sub-encoding to TS1/5 on input line 401.
Package textcomp Info: Setting hlce sub-encoding to TS1/5 on input line 402.
Package textcomp Info: Setting hlcn sub-encoding to TS1/5 on input line 403.
Package textcomp Info: Setting hlcw sub-encoding to TS1/5 on input line 404.
Package textcomp Info: Setting hlcf sub-encoding to TS1/5 on input line 405.
Package textcomp Info: Setting pplx sub-encoding to TS1/3 on input line 406.
Package textcomp Info: Setting pplj sub-encoding to TS1/3 on input line 407.
Package textcomp Info: Setting ptmx sub-encoding to TS1/4 on input line 408.
Package textcomp Info: Setting ptmj sub-encoding to TS1/4 on input line 409.
)) (/usr/local/texlive/2018/texmf-dist/tex/latex/microtype/microtype.sty
Package: microtype 2018/01/14 v2.7a Micro-typographical refinements (RS)
\MT@toks=\toks22
\MT@count=\count269
LaTeX Info: Redefining \textls on input line 793.
\MT@outer@kern=\dimen147
LaTeX Info: Redefining \textmicrotypecontext on input line 1339.
\MT@listname@count=\count270
(/usr/local/texlive/2018/texmf-dist/tex/latex/microtype/microtype-xetex.def
File: microtype-xetex.def 2018/01/14 v2.7a Definitions specific to xetex (RS)
LaTeX Info: Redefining \lsstyle on input line 256.
)
Package microtype Info: Loading configuration file microtype.cfg.
(/usr/local/texlive/2018/texmf-dist/tex/latex/microtype/microtype.cfg
File: microtype.cfg 2018/01/14 v2.7a microtype main configuration file (RS)
)) (/usr/local/texlive/2018/texmf-dist/tex/latex/hyperref/hyperref.sty
Package: hyperref 2018/11/30 v6.88e Hypertext links for LaTeX
(/usr/local/texlive/2018/texmf-dist/tex/generic/oberdiek/hobsub-hyperref.sty
Package: hobsub-hyperref 2016/05/16 v1.14 Bundle oberdiek, subset hyperref (HO)

(/usr/local/texlive/2018/texmf-dist/tex/generic/oberdiek/hobsub-generic.sty
Package: hobsub-generic 2016/05/16 v1.14 Bundle oberdiek, subset generic (HO)
Package: hobsub 2016/05/16 v1.14 Construct package bundles (HO)
Package: infwarerr 2016/05/16 v1.4 Providing info/warning/error messages (HO)
Package: ltxcmds 2016/05/16 v1.23 LaTeX kernel commands for general use (HO)
Package hobsub Info: Skipping package `ifluatex' (already loaded).
Package: ifvtex 2016/05/16 v1.6 Detect VTeX and its facilities (HO)
Package ifvtex Info: VTeX not detected.
Package: intcalc 2016/05/16 v1.2 Expandable calculations with integers (HO)
Package: ifpdf 2018/09/07 v3.3 Provides the ifpdf switch
Package: etexcmds 2016/05/16 v1.6 Avoid name clashes with e-TeX commands (HO)
Package etexcmds Info: Could not find \expanded.
(etexcmds)             That can mean that you are not using pdfTeX 1.50 or
(etexcmds)             that some package has redefined \expanded.
(etexcmds)             In the latter case, load this package earlier.
Package: kvsetkeys 2016/05/16 v1.17 Key value parser (HO)
Package: kvdefinekeys 2016/05/16 v1.4 Define keys (HO)
Package: pdftexcmds 2018/09/10 v0.29 Utility functions of pdfTeX for LuaTeX (HO
)
Package pdftexcmds Info: LuaTeX not detected.
Package pdftexcmds Info: pdfTeX >= 1.30 not detected.
Package pdftexcmds Info: \pdf@primitive is available.
Package pdftexcmds Info: \pdf@ifprimitive is available.
Package pdftexcmds Info: \pdfdraftmode not found.
Package: pdfescape 2016/05/16 v1.14 Implements pdfTeX's escape features (HO)
Package: bigintcalc 2016/05/16 v1.4 Expandable calculations on big integers (HO
)
Package: bitset 2016/05/16 v1.2 Handle bit-vector datatype (HO)
Package: uniquecounter 2016/05/16 v1.3 Provide unlimited unique counter (HO)
)
Package hobsub Info: Skipping package `hobsub' (already loaded).
Package: letltxmacro 2016/05/16 v1.5 Let assignment for LaTeX macros (HO)
Package: hopatch 2016/05/16 v1.3 Wrapper for package hooks (HO)
Package: xcolor-patch 2016/05/16 xcolor patch
Package: atveryend 2016/05/16 v1.9 Hooks at the very end of document (HO)
Package: atbegshi 2016/06/09 v1.18 At begin shipout hook (HO)
Package: refcount 2016/05/16 v3.5 Data extraction from label references (HO)
Package: hycolor 2016/05/16 v1.8 Color options for hyperref/bookmark (HO)
) (/usr/local/texlive/2018/texmf-dist/tex/latex/oberdiek/auxhook.sty
Package: auxhook 2016/05/16 v1.4 Hooks for auxiliary files (HO)
) (/usr/local/texlive/2018/texmf-dist/tex/latex/oberdiek/kvoptions.sty
Package: kvoptions 2016/05/16 v3.12 Key value format for package options (HO)
)
\@linkdim=\dimen148
\Hy@linkcounter=\count271
\Hy@pagecounter=\count272
(/usr/local/texlive/2018/texmf-dist/tex/latex/hyperref/pd1enc.def
File: pd1enc.def 2018/11/30 v6.88e Hyperref: PDFDocEncoding definition (HO)
)
\Hy@SavedSpaceFactor=\count273
(/usr/local/texlive/2018/texmf-dist/tex/latex/latexconfig/hyperref.cfg
File: hyperref.cfg 2002/06/06 v1.2 hyperref configuration of TeXLive
)
Package hyperref Info: Hyper figures OFF on input line 4519.
Package hyperref Info: Link nesting OFF on input line 4524.
Package hyperref Info: Hyper index ON on input line 4527.
Package hyperref Info: Plain pages OFF on input line 4534.
Package hyperref Info: Backreferencing OFF on input line 4539.
Package hyperref Info: Implicit mode ON; LaTeX internals redefined.
Package hyperref Info: Bookmarks ON on input line 4772.
\c@Hy@tempcnt=\count274
(/usr/local/texlive/2018/texmf-dist/tex/latex/url/url.sty
\Urlmuskip=\muskip17
Package: url 2013/09/16  ver 3.4  Verb mode for urls, etc.
)
LaTeX Info: Redefining \url on input line 5125.
\XeTeXLinkMargin=\dimen149
\Fld@menulength=\count275
\Field@Width=\dimen150
\Fld@charsize=\dimen151
Package hyperref Info: Hyper figures OFF on input line 6380.
Package hyperref Info: Link nesting OFF on input line 6385.
Package hyperref Info: Hyper index ON on input line 6388.
Package hyperref Info: backreferencing OFF on input line 6395.
Package hyperref Info: Link coloring OFF on input line 6400.
Package hyperref Info: Link coloring with OCG OFF on input line 6405.
Package hyperref Info: PDF/A mode OFF on input line 6410.
LaTeX Info: Redefining \ref on input line 6450.
LaTeX Info: Redefining \pageref on input line 6454.
\Hy@abspage=\count276
\c@Item=\count277
\c@Hfootnote=\count278
)
Package hyperref Info: Driver (autodetected): hxetex.
(/usr/local/texlive/2018/texmf-dist/tex/latex/hyperref/hxetex.def
File: hxetex.def 2018/11/30 v6.88e Hyperref driver for XeTeX
(/usr/local/texlive/2018/texmf-dist/tex/latex/hyperref/puenc.def
File: puenc.def 2018/11/30 v6.88e Hyperref: PDF Unicode definition (HO)
) (/usr/local/texlive/2018/texmf-dist/tex/generic/oberdiek/stringenc.sty
Package: stringenc 2016/05/16 v1.11 Convert strings between diff. encodings (HO
)
)
\pdfm@box=\box47
\c@Hy@AnnotLevel=\count279
\HyField@AnnotCount=\count280
\Fld@listcount=\count281
\c@bookmark@seq@number=\count282
(/usr/local/texlive/2018/texmf-dist/tex/latex/oberdiek/rerunfilecheck.sty
Package: rerunfilecheck 2016/05/16 v1.8 Rerun checks for auxiliary files (HO)
Package uniquecounter Info: New unique counter `rerunfilecheck' on input line 2
82.
)
\Hy@SectionHShift=\skip52
)
Package hyperref Info: Option `unicode' set `true' on input line 30.
(/usr/local/texlive/2018/texmf-dist/tex/generic/oberdiek/se-ascii-print.def
File: se-ascii-print.def 2016/05/16 v1.11 stringenc: Printable ASCII characters

)
Package hyperref Info: Option `breaklinks' set `true' on input line 30.
(/usr/local/texlive/2018/texmf-dist/tex/latex/natbib/natbib.sty
Package: natbib 2010/09/13 8.31b (PWD, AO)
\bibhang=\skip53
\bibsep=\skip54
LaTeX Info: Redefining \cite on input line 694.
\c@NAT@ctr=\count283
) (/usr/local/texlive/2018/texmf-dist/tex/latex/graphics/color.sty
Package: color 2016/07/10 v1.1e Standard LaTeX Color (DPC)
(/usr/local/texlive/2018/texmf-dist/tex/latex/graphics-cfg/color.cfg
File: color.cfg 2016/01/02 v1.6 sample color configuration
)
Package color Info: Driver file: xetex.def on input line 147.
(/usr/local/texlive/2018/texmf-dist/tex/latex/graphics-def/xetex.def
File: xetex.def 2017/06/24 v5.0h Graphics/color driver for xetex
)) (/usr/local/texlive/2018/texmf-dist/tex/latex/fancyvrb/fancyvrb.sty
Package: fancyvrb 2019/01/15
Style option: `fancyvrb' v3.2a <2019/01/15> (tvz)
\FV@CodeLineNo=\count284
\FV@InFile=\read2
\FV@TabBox=\box48
\c@FancyVerbLine=\count285
\FV@StepNumber=\count286
\FV@OutFile=\write3
) (/usr/local/texlive/2018/texmf-dist/tex/latex/framed/framed.sty
Package: framed 2011/10/22 v 0.96: framed or shaded text with page breaks
\OuterFrameSep=\skip55
\fb@frw=\dimen152
\fb@frh=\dimen153
\FrameRule=\dimen154
\FrameSep=\dimen155
) (/usr/local/texlive/2018/texmf-dist/tex/latex/tools/longtable.sty
Package: longtable 2014/10/28 v4.11 Multi-page Table package (DPC)+ FMi change
\LTleft=\skip56
\LTright=\skip57
\LTpre=\skip58
\LTpost=\skip59
\LTchunksize=\count287
\LTcapwidth=\dimen156
\LT@head=\box49
\LT@firsthead=\box50
\LT@foot=\box51
\LT@lastfoot=\box52
\LT@cols=\count288
\LT@rows=\count289
\c@LT@tables=\count290
\c@LT@chunks=\count291
\LT@p@ftn=\toks23
) (/usr/local/texlive/2018/texmf-dist/tex/latex/booktabs/booktabs.sty
Package: booktabs 2016/04/27 v1.618033 publication quality tables
\heavyrulewidth=\dimen157
\lightrulewidth=\dimen158
\cmidrulewidth=\dimen159
\belowrulesep=\dimen160
\belowbottomsep=\dimen161
\aboverulesep=\dimen162
\abovetopsep=\dimen163
\cmidrulesep=\dimen164
\cmidrulekern=\dimen165
\defaultaddspace=\dimen166
\@cmidla=\count292
\@cmidlb=\count293
\@aboverulesep=\dimen167
\@belowrulesep=\dimen168
\@thisruleclass=\count294
\@lastruleclass=\count295
\@thisrulewidth=\dimen169
) (/usr/local/texlive/2018/texmf-dist/tex/latex/graphics/graphicx.sty
Package: graphicx 2017/06/01 v1.1a Enhanced LaTeX Graphics (DPC,SPQR)
(/usr/local/texlive/2018/texmf-dist/tex/latex/graphics/graphics.sty
Package: graphics 2017/06/25 v1.2c Standard LaTeX Graphics (DPC,SPQR)
(/usr/local/texlive/2018/texmf-dist/tex/latex/graphics/trig.sty
Package: trig 2016/01/03 v1.10 sin cos tan (DPC)
) (/usr/local/texlive/2018/texmf-dist/tex/latex/graphics-cfg/graphics.cfg
File: graphics.cfg 2016/06/04 v1.11 sample graphics configuration
)
Package graphics Info: Driver file: xetex.def on input line 99.
)
\Gin@req@height=\dimen170
\Gin@req@width=\dimen171
) (/usr/local/texlive/2018/texmf-dist/tex/latex/oberdiek/grffile.sty
Package: grffile 2017/06/30 v1.18 Extended file name support for graphics (HO)
Package grffile Info: Option `multidot' is set to `true'.
Package grffile Info: Option `extendedchars' is set to `false'.
Package grffile Info: Option `space' is set to `true'.
Package grffile Info: \Gin@ii of package `graphicx' fixed on input line 494.
) (/usr/local/texlive/2018/texmf-dist/tex/latex/parskip/parskip.sty
Package: parskip 2019-01-16 v2.0c non-zero parskip adjustments
) (/usr/local/texlive/2018/texmf-dist/tex/latex/titling/titling.sty
Package: titling 2009/09/04 v2.1d maketitle typesetting
\thanksmarkwidth=\skip60
\thanksmargin=\skip61
\droptitle=\skip62
)
Package color Info: Redefining color shadecolor on input line 133.
(/usr/local/texlive/2018/texmf-dist/tex/generic/babel/babel.sty
Package: babel 2018/11/13 3.27 The Babel package
(/usr/local/texlive/2018/texmf-dist/tex/generic/babel/switch.def
File: switch.def 2018/11/13 3.27 Babel switching mechanism
) (/usr/local/texlive/2018/texmf-dist/tex/generic/babel-dutch/dutch.ldf
Language: dutch 2005/03/30 v3.8i Dutch support from the babel system
(/usr/local/texlive/2018/texmf-dist/tex/generic/babel/babel.def
File: babel.def 2018/11/13 3.27 Babel common definitions
\babel@savecnt=\count296
\U@D=\dimen172
(/usr/local/texlive/2018/texmf-dist/tex/generic/babel/xebabel.def (/usr/local/t
exlive/2018/texmf-dist/tex/generic/babel/txtbabel.def))
\bbl@dirlevel=\count297
)
Package babel Info: Making " an active character on input line 132.
))
Package color Info: Redefining color shadecolor on input line 138.
(/usr/local/texlive/2018/texmf-dist/tex/latex/caption/caption.sty
Package: caption 2018/10/06 v3.3-154 Customizing captions (AR)
(/usr/local/texlive/2018/texmf-dist/tex/latex/caption/caption3.sty
Package: caption3 2018/09/12 v1.8c caption3 kernel (AR)
Package caption3 Info: TeX engine: e-TeX on input line 64.
\captionmargin=\dimen173
\captionmargin@=\dimen174
\captionwidth=\dimen175
\caption@tempdima=\dimen176
\caption@indent=\dimen177
\caption@parindent=\dimen178
\caption@hangindent=\dimen179
)
\c@caption@flags=\count298
\c@ContinuedFloat=\count299
Package caption Info: hyperref package is loaded.
Package caption Info: longtable package is loaded.
(/usr/local/texlive/2018/texmf-dist/tex/latex/caption/ltcaption.sty
Package: ltcaption 2018/08/26 v1.4-95 longtable captions (AR)
)) (/usr/local/texlive/2018/texmf-dist/tex/latex/placeins/placeins.sty
Package: placeins 2005/04/18  v 2.2
) (/usr/local/texlive/2018/texmf-dist/tex/latex/adjustbox/adjustbox.sty
Package: adjustbox 2019/01/04 v1.2 Adjusting TeX boxes (trim, clip, ...)
(/usr/local/texlive/2018/texmf-dist/tex/latex/adjustbox/adjcalc.sty
Package: adjcalc 2012/05/16 v1.1 Provides advanced setlength with multiple back
-ends (calc, etex, pgfmath)
) (/usr/local/texlive/2018/texmf-dist/tex/latex/adjustbox/trimclip.sty
Package: trimclip 2018/04/08 v1.1 Trim and clip general TeX material
(/usr/local/texlive/2018/texmf-dist/tex/latex/collectbox/collectbox.sty
Package: collectbox 2012/05/17 v0.4b Collect macro arguments as boxes
\collectedbox=\box53
)
\tc@llx=\dimen180
\tc@lly=\dimen181
\tc@urx=\dimen182
\tc@ury=\dimen183
Package trimclip Info: Using driver 'tc-xetex.def'.
(/usr/local/texlive/2018/texmf-dist/tex/latex/adjustbox/tc-xetex.def
File: tc-xetex.def 2019/01/04 v2.2 Clipping driver for xetex
))
\adjbox@Width=\dimen184
\adjbox@Height=\dimen185
\adjbox@Depth=\dimen186
\adjbox@Totalheight=\dimen187
\adjbox@pwidth=\dimen188
\adjbox@pheight=\dimen189
\adjbox@pdepth=\dimen190
\adjbox@ptotalheight=\dimen191
(/usr/local/texlive/2018/texmf-dist/tex/latex/ifoddpage/ifoddpage.sty
Package: ifoddpage 2016/04/23 v1.1 Conditionals for odd/even page detection
\c@checkoddpage=\count300
) (/usr/local/texlive/2018/texmf-dist/tex/latex/varwidth/varwidth.sty
Package: varwidth 2009/03/30 ver 0.92;  Variable-width minipages
\@vwid@box=\box54
\sift@deathcycles=\count301
\@vwid@loff=\dimen192
\@vwid@roff=\dimen193
)) (/usr/local/texlive/2018/texmf-dist/tex/latex/float/float.sty
Package: float 2001/11/08 v1.3d Float enhancements (AL)
\c@float@type=\count302
\float@exts=\toks24
\float@box=\box55
\@float@everytoks=\toks25
\@floatcapt=\box56
) (/usr/local/texlive/2018/texmf-dist/tex/latex/tools/enumerate.sty
Package: enumerate 2015/07/23 v3.00 enumerate extensions (DPC)
\@enLab=\toks26
) (/usr/local/texlive/2018/texmf-dist/tex/latex/eso-pic/eso-pic.sty
Package: eso-pic 2018/04/12 v2.0h eso-pic (RN)
) (/usr/local/texlive/2018/texmf-dist/tex/latex/ms/everyshi.sty
Package: everyshi 2001/05/15 v3.00 EveryShipout Package (MS)
) (/usr/local/texlive/2018/texmf-dist/tex/latex/natbib/bibentry.sty
Package: bibentry 2007/10/30 1.5 (PWD)
) (/usr/local/texlive/2018/texmf-dist/tex/latex/changepage/changepage.sty
Package: changepage 2009/10/20 v1.0c check page and change page layout
\c@cp@cntr=\count303
\cp@tempcnt=\count304
LaTeX Info: Redefining \checkoddpage on input line 59.
) (/usr/local/texlive/2018/texmf-dist/tex/latex/fancyhdr/fancyhdr.sty
Package: fancyhdr 2019/01/31 v3.10 Extensive control of page headers and footer
s
\f@nch@headwidth=\skip63
\f@nch@O@elh=\skip64
\f@nch@O@erh=\skip65
\f@nch@O@olh=\skip66
\f@nch@O@orh=\skip67
\f@nch@O@elf=\skip68
\f@nch@O@erf=\skip69
\f@nch@O@olf=\skip70
\f@nch@O@orf=\skip71
)

Package fontspec Info: Calibri scale = 0.9281677181913775.


Package fontspec Info: Calibri scale = 0.9281677181913775.


Package fontspec Info: Calibri scale = 0.9281677181913775.


Package fontspec Info: Calibri/B scale = 0.9194661458333333.


Package fontspec Info: Calibri/B scale = 0.9194661458333333.


Package fontspec Info: Calibri/I scale = 0.9223484848484848.


Package fontspec Info: Calibri/I scale = 0.9223484848484848.


Package fontspec Info: Calibri/BI scale = 0.9194661458333333.


Package fontspec Info: Calibri/BI scale = 0.9194661458333333.


Package fontspec Info: Font family 'Calibri(0)' created for font 'Calibri'
(fontspec)             with options
(fontspec)             [Ligatures=TeX,Scale=MatchLowercase,Ligatures=TeX].
(fontspec)              
(fontspec)              This font family consists of the following NFSS
(fontspec)             series/shapes:
(fontspec)              
(fontspec)             - 'normal' (m/n) with NFSS spec.:
(fontspec)             <->s*[0.9281677181913775]"Calibri/OT:script=latn;languag
e=DFLT;mapping=tex-text;"
(fontspec)             - 'small caps'  (m/sc) with NFSS spec.:
(fontspec)             <->s*[0.9281677181913775]"Calibri/OT:script=latn;languag
e=DFLT;+smcp;mapping=tex-text;"
(fontspec)             - 'bold' (bx/n) with NFSS spec.:
(fontspec)             <->s*[0.9194661458333333]"Calibri/B/OT:script=latn;langu
age=DFLT;mapping=tex-text;"
(fontspec)             - 'bold small caps'  (bx/sc) with NFSS spec.:
(fontspec)             <->s*[0.9194661458333333]"Calibri/B/OT:script=latn;langu
age=DFLT;+smcp;mapping=tex-text;"
(fontspec)             - 'italic' (m/it) with NFSS spec.:
(fontspec)             <->s*[0.9223484848484848]"Calibri/I/OT:script=latn;langu
age=DFLT;mapping=tex-text;"
(fontspec)             - 'italic small caps'  (m/itsc) with NFSS spec.:
(fontspec)             <->s*[0.9223484848484848]"Calibri/I/OT:script=latn;langu
age=DFLT;+smcp;mapping=tex-text;"
(fontspec)             - 'bold italic' (bx/it) with NFSS spec.:
(fontspec)             <->s*[0.9194661458333333]"Calibri/BI/OT:script=latn;lang
uage=DFLT;mapping=tex-text;"
(fontspec)             - 'bold italic small caps'  (bx/itsc) with NFSS spec.:
(fontspec)             <->s*[0.9194661458333333]"Calibri/BI/OT:script=latn;lang
uage=DFLT;+smcp;mapping=tex-text;"

LaTeX Info: Redefining \rmfamily on input line 184.
LaTeX Font Info:    Font shape `TU/Calibri(0)/m/n' will be
(Font)              scaled to size 11.13794pt on input line 184.

Package fontspec Info: Gill Sans Light Italic scale = 0.9537060745125955.


Package fontspec Info: Gill Sans Light Italic scale = 0.9537060745125955.


Package fontspec Info: Font family 'GillSansLightItalic(0)' created for font
(fontspec)             'Gill Sans Light Italic' with options
(fontspec)             [Ligatures=TeX,Scale=MatchLowercase,BoldFont={},ItalicFo
nt={},SmallCapsFont={}].
(fontspec)              
(fontspec)              This font family consists of the following NFSS
(fontspec)             series/shapes:
(fontspec)              
(fontspec)             - 'normal' (m/n) with NFSS spec.:
(fontspec)             <->s*[0.9537060745125955]"Gill Sans Light
(fontspec)             Italic/AAT:mapping=tex-text;"
(fontspec)             - 'small caps'  (m/sc) with NFSS spec.: 


Package fontspec Info: Gill Sans SemiBold scale = 0.9486001186624724.


Package fontspec Info: Gill Sans SemiBold scale = 0.9486001186624724.


Package fontspec Info: Font family 'GillSansSemiBold(0)' created for font
(fontspec)             'Gill Sans SemiBold' with options
(fontspec)             [Ligatures=TeX,Scale=MatchLowercase,BoldFont={},ItalicFo
nt={},SmallCapsFont={}].
(fontspec)              
(fontspec)              This font family consists of the following NFSS
(fontspec)             series/shapes:
(fontspec)              
(fontspec)             - 'normal' (m/n) with NFSS spec.:
(fontspec)             <->s*[0.9486001186624724]"Gill Sans
(fontspec)             SemiBold/AAT:mapping=tex-text;"
(fontspec)             - 'small caps'  (m/sc) with NFSS spec.: 


Package fontspec Info: Gill Sans Light scale = 0.9537060745125955.


Package fontspec Info: Gill Sans Light scale = 0.9537060745125955.


Package fontspec Info: Gill Sans Light/B scale = 0.8626986853994069.


Package fontspec Info: Gill Sans Light/I scale = 0.9537060745125955.


Package fontspec Info: Gill Sans Light/BI scale = 0.8626986853994069.


Package fontspec Info: Font family 'GillSansLight(0)' created for font 'Gill
(fontspec)             Sans Light' with options
(fontspec)             [Ligatures=TeX,Scale=MatchLowercase].
(fontspec)              
(fontspec)              This font family consists of the following NFSS
(fontspec)             series/shapes:
(fontspec)              
(fontspec)             - 'normal' (m/n) with NFSS spec.:
(fontspec)             <->s*[0.9537060745125955]"Gill Sans
(fontspec)             Light/AAT:mapping=tex-text;"
(fontspec)             - 'small caps'  (m/sc) with NFSS spec.: 
(fontspec)             - 'bold' (bx/n) with NFSS spec.:
(fontspec)             <->s*[0.8626986853994069]"Gill Sans
(fontspec)             Light/B/AAT:mapping=tex-text;"
(fontspec)             - 'bold small caps'  (bx/sc) with NFSS spec.: 
(fontspec)             - 'italic' (m/it) with NFSS spec.:
(fontspec)             <->s*[0.9537060745125955]"Gill Sans
(fontspec)             Light/I/AAT:mapping=tex-text;"
(fontspec)             - 'italic small caps'  (m/itsc) with NFSS spec.: 
(fontspec)             - 'bold italic' (bx/it) with NFSS spec.:
(fontspec)             <->s*[0.8626986853994069]"Gill Sans
(fontspec)             Light/BI/AAT:mapping=tex-text;"
(fontspec)             - 'bold italic small caps'  (bx/itsc) with NFSS spec.: 

Package hyperref Info: Option `unicode' set `true' on input line 251.
Package hyperref Info: Option `breaklinks' set `true' on input line 251.
Package hyperref Info: Option `colorlinks' set `true' on input line 251.
(/usr/local/texlive/2018/texmf-dist/tex/latex/tools/array.sty
Package: array 2018/12/30 v2.4k Tabular extension package (FMi)
\col@sep=\dimen194
\ar@mcellbox=\box57
\extrarowheight=\dimen195
\NC@list=\toks27
\extratabsurround=\skip72
\backup@length=\skip73
\ar@cellbox=\box58
) (/usr/local/texlive/2018/texmf-dist/tex/latex/multirow/multirow.sty
Package: multirow 2019/01/01 v2.4 Span multiple rows of a table
\multirow@colwidth=\skip74
\multirow@cntb=\count305
\multirow@dima=\skip75
\bigstrutjot=\dimen196
) (/usr/local/texlive/2018/texmf-dist/tex/latex/wrapfig/wrapfig.sty
\wrapoverhang=\dimen197
\WF@size=\dimen198
\c@WF@wrappedlines=\count306
\WF@box=\box59
\WF@everypar=\toks28
Package: wrapfig 2003/01/31  v 3.6
) (/usr/local/texlive/2018/texmf-dist/tex/latex/colortbl/colortbl.sty
Package: colortbl 2018/12/12 v1.0d Color table columns (DPC)
\everycr=\toks29
\minrowclearance=\skip76
) (/usr/local/texlive/2018/texmf-dist/tex/latex/oberdiek/pdflscape.sty
Package: pdflscape 2016/05/14 v0.11 Display of landscape pages in PDF (HO)
(/usr/local/texlive/2018/texmf-dist/tex/latex/graphics/lscape.sty
Package: lscape 2000/10/22 v3.01 Landscape Pages (DPC)
)
Package pdflscape Info: Auto-detected driver: dvipdfm (xetex) on input line 99.

) (/usr/local/texlive/2018/texmf-dist/tex/latex/tabu/tabu.sty
Package: tabu 2019/01/11 v2.9 - flexible LaTeX tabulars (FC+tabu-fixed)
\c@taburow=\count307
\tabu@nbcols=\count308
\tabu@cnt=\count309
\tabu@Xcol=\count310
\tabu@alloc=\count311
\tabu@nested=\count312
\tabu@target=\dimen199
\tabu@spreadtarget=\dimen256
\tabu@naturalX=\dimen257
\tabucolX=\dimen258
\tabu@Xsum=\dimen259
\extrarowdepth=\dimen260
\abovetabulinesep=\dimen261
\belowtabulinesep=\dimen262
\tabustrutrule=\dimen263
\tabu@thebody=\toks30
\tabu@footnotes=\toks31
\tabu@box=\box60
\tabu@arstrutbox=\box61
\tabu@hleads=\box62
\tabu@vleads=\box63
\tabu@cellskip=\skip77
)
(/usr/local/texlive/2018/texmf-dist/tex/latex/threeparttable/threeparttable.sty
Package: threeparttable 2003/06/13  v 3.0
\@tempboxb=\box64
)
(/usr/local/texlive/2018/texmf-dist/tex/latex/threeparttablex/threeparttablex.s
ty
Package: threeparttablex 2013/07/23 v0.3 by daleif
(/usr/local/texlive/2018/texmf-dist/tex/latex/environ/environ.sty
Package: environ 2014/05/04 v0.3 A new way to define environments
(/usr/local/texlive/2018/texmf-dist/tex/latex/trimspaces/trimspaces.sty
Package: trimspaces 2009/09/17 v1.1 Trim spaces around a token list
))
\TPTL@width=\skip78
) (/usr/local/texlive/2018/texmf-dist/tex/generic/ulem/ulem.sty
\UL@box=\box65
\UL@hyphenbox=\box66
\UL@skip=\skip79
\UL@hook=\toks32
\UL@height=\dimen264
\UL@pe=\count313
\UL@pixel=\dimen265
\ULC@box=\box67
Package: ulem 2012/05/18
\ULdepth=\dimen266
) (/usr/local/texlive/2018/texmf-dist/tex/latex/makecell/makecell.sty
Package: makecell 2009/08/03 V0.1e Managing of Tab Column Heads and Cells
\rotheadsize=\dimen267
\c@nlinenum=\count314
\TeXr@lab=\toks33
) (/usr/local/texlive/2018/texmf-dist/tex/latex/xcolor/xcolor.sty
Package: xcolor 2016/05/11 v2.12 LaTeX color extensions (UK)
(/usr/local/texlive/2018/texmf-dist/tex/latex/graphics-cfg/color.cfg
File: color.cfg 2016/01/02 v1.6 sample color configuration
)
Package xcolor Info: Driver file: xetex.def on input line 225.
LaTeX Info: Redefining \color on input line 709.
Package xcolor Info: Model `cmy' substituted by `cmy0' on input line 1348.
Package xcolor Info: Model `RGB' extended on input line 1364.
Package xcolor Info: Model `HTML' substituted by `rgb' on input line 1366.
Package xcolor Info: Model `Hsb' substituted by `hsb' on input line 1367.
Package xcolor Info: Model `tHsb' substituted by `hsb' on input line 1368.
Package xcolor Info: Model `HSB' substituted by `hsb' on input line 1369.
Package xcolor Info: Model `Gray' substituted by `gray' on input line 1370.
Package xcolor Info: Model `wave' substituted by `hsb' on input line 1371.
)
No file CSA-Book.aux.
\openout1 = `CSA-Book.aux'.

LaTeX Font Info:    Checking defaults for OML/cmm/m/it on input line 268.
LaTeX Font Info:    ... okay on input line 268.
LaTeX Font Info:    Checking defaults for T1/cmr/m/n on input line 268.
LaTeX Font Info:    ... okay on input line 268.
LaTeX Font Info:    Checking defaults for OT1/cmr/m/n on input line 268.
LaTeX Font Info:    ... okay on input line 268.
LaTeX Font Info:    Checking defaults for OMS/cmsy/m/n on input line 268.
LaTeX Font Info:    ... okay on input line 268.
LaTeX Font Info:    Checking defaults for TU/lmr/m/n on input line 268.
LaTeX Font Info:    ... okay on input line 268.
LaTeX Font Info:    Checking defaults for OMX/cmex/m/n on input line 268.
LaTeX Font Info:    ... okay on input line 268.
LaTeX Font Info:    Checking defaults for U/cmr/m/n on input line 268.
LaTeX Font Info:    ... okay on input line 268.
LaTeX Font Info:    Checking defaults for TS1/cmr/m/n on input line 268.
LaTeX Font Info:    Try loading font information for TS1+cmr on input line 268.

(/usr/local/texlive/2018/texmf-dist/tex/latex/base/ts1cmr.fd
File: ts1cmr.fd 2014/09/29 v2.5h Standard LaTeX font definitions
)
LaTeX Font Info:    ... okay on input line 268.
LaTeX Font Info:    Checking defaults for PD1/pdf/m/n on input line 268.
LaTeX Font Info:    ... okay on input line 268.
LaTeX Font Info:    Checking defaults for PU/pdf/m/n on input line 268.
LaTeX Font Info:    ... okay on input line 268.
LaTeX Info: Redefining \microtypecontext on input line 268.
Package microtype Info: Character protrusion enabled (level 2).
Package microtype Info: Using protrusion set `basicmath'.
Package microtype Info: No adjustment of tracking.
Package microtype Info: No adjustment of spacing.
Package microtype Info: No adjustment of kerning.
Package microtype Info: Loading generic protrusion settings for font family
(microtype)             `Calibri' (encoding: TU).
(microtype)             For optimal results, create family-specific settings.
(microtype)             See the microtype manual for details.
\AtBeginShipoutBox=\box68
Package hyperref Info: Link coloring ON on input line 268.
(/usr/local/texlive/2018/texmf-dist/tex/latex/hyperref/nameref.sty
Package: nameref 2016/05/21 v2.44 Cross-referencing by name of section
(/usr/local/texlive/2018/texmf-dist/tex/generic/oberdiek/gettitlestring.sty
Package: gettitlestring 2016/05/16 v1.5 Cleanup title references (HO)
)
\c@section@level=\count315
)
LaTeX Info: Redefining \ref on input line 268.
LaTeX Info: Redefining \pageref on input line 268.
LaTeX Info: Redefining \nameref on input line 268.
\@outlinefile=\write4
\openout4 = `CSA-Book.out'.


Package hyperref Warning: Rerun to get /PageLabels entry.

Package caption Info: Begin \AtBeginDocument code.
Package caption Info: float package is loaded.
Package caption Info: threeparttable package is loaded.
Package caption Info: wrapfig package is loaded.
Package caption Info: End \AtBeginDocument code.
ABD: EveryShipout initializing macros
LaTeX Font Info:    Font shape `TU/Calibri(0)/m/n' will be
(Font)              scaled to size 23.09265pt on input line 269.
LaTeX Font Info:    Font shape `TU/Calibri(0)/m/n' will be
(Font)              scaled to size 13.36551pt on input line 269.
LaTeX Font Info:    Font shape `TU/Calibri(0)/m/it' will be
(Font)              scaled to size 13.2818pt on input line 269.
[1


]

Package Fancyhdr Warning: \headheight is too small (12.0pt): 
Make it at least 14.49998pt.
We now make it that large for the rest of the document.
This may cause the page layout to be inconsistent, however.

[2

]
LaTeX Font Info:    Font shape `TU/Calibri(0)/bx/n' will be
(Font)              scaled to size 22.87627pt on input line 273.
\tf@toc=\write5
\openout5 = `CSA-Book.toc'.

[3] [4

]
LaTeX Font Info:    Font shape `TU/Calibri(0)/bx/it' will be
(Font)              scaled to size 22.87627pt on input line 276.
LaTeX Font Info:    Font shape `TU/Calibri(0)/m/it' will be
(Font)              scaled to size 11.06818pt on input line 279.
[5] [6

] [7] [8]
LaTeX Font Info:    Font shape `TU/Calibri(0)/m/n' will be
(Font)              scaled to size 16.03862pt on input line 310.
LaTeX Font Info:    Font shape `TU/Calibri(0)/bx/n' will be
(Font)              scaled to size 15.88834pt on input line 310.
LaTeX Font Info:    Font shape `TU/Calibri(0)/bx/n' will be
(Font)              scaled to size 13.24026pt on input line 316.

Underfull \hbox (badness 1215) in paragraph at lines 337--339
[]\TU/Calibri(0)/m/n/12 To prepare for each lecture students read a contemporar
y research paper
 []

LaTeX Font Info:    Try loading font information for OT1+lmr on input line 342.

(/usr/local/texlive/2018/texmf-dist/tex/latex/lm/ot1lmr.fd
File: ot1lmr.fd 2009/10/30 v1.6 Font defs for Latin Modern
)
(/usr/local/texlive/2018/texmf-dist/tex/latex/microtype/mt-LatinModernRoman.cfg
File: mt-LatinModernRoman.cfg 2013/03/13 v1.0 microtype config. file: Latin Mod
ern Roman (RS)
)
LaTeX Font Info:    Try loading font information for OML+lmm on input line 342.

(/usr/local/texlive/2018/texmf-dist/tex/latex/lm/omllmm.fd
File: omllmm.fd 2009/10/30 v1.6 Font defs for Latin Modern
)
LaTeX Font Info:    Try loading font information for OMS+lmsy on input line 342
.
(/usr/local/texlive/2018/texmf-dist/tex/latex/lm/omslmsy.fd
File: omslmsy.fd 2009/10/30 v1.6 Font defs for Latin Modern
)
LaTeX Font Info:    Try loading font information for OMX+lmex on input line 342
.
(/usr/local/texlive/2018/texmf-dist/tex/latex/lm/omxlmex.fd
File: omxlmex.fd 2009/10/30 v1.6 Font defs for Latin Modern
)
LaTeX Font Info:    External font `lmex10' loaded for size
(Font)              <12> on input line 342.
LaTeX Font Info:    External font `lmex10' loaded for size
(Font)              <8> on input line 342.
LaTeX Font Info:    External font `lmex10' loaded for size
(Font)              <6> on input line 342.
LaTeX Font Info:    Try loading font information for U+msa on input line 342.
(/usr/local/texlive/2018/texmf-dist/tex/latex/amsfonts/umsa.fd
File: umsa.fd 2013/01/14 v3.01 AMS symbols A
) (/usr/local/texlive/2018/texmf-dist/tex/latex/microtype/mt-msa.cfg
File: mt-msa.cfg 2006/02/04 v1.1 microtype config. file: AMS symbols (a) (RS)
)
LaTeX Font Info:    Try loading font information for U+msb on input line 342.
(/usr/local/texlive/2018/texmf-dist/tex/latex/amsfonts/umsb.fd
File: umsb.fd 2013/01/14 v3.01 AMS symbols B
) (/usr/local/texlive/2018/texmf-dist/tex/latex/microtype/mt-msb.cfg
File: mt-msb.cfg 2005/06/01 v1.0 microtype config. file: AMS symbols (b) (RS)
)
LaTeX Font Info:    Font shape `TU/Calibri(0)/m/sc' will be
(Font)              scaled to size 11.13794pt on input line 344.
[9] [10]
Underfull \hbox (badness 10000) in paragraph at lines 362--364
[]\TU/Calibri(0)/m/n/12 Understand the differences between using an independent
-statistical-
 []


Underfull \hbox (badness 1762) in paragraph at lines 362--364
\TU/Calibri(0)/m/n/12 component-dominant causal ontology, versus an interdepend
ent-dynamical-
 []


Underfull \hbox (badness 6252) in paragraph at lines 364--366
[]\TU/Calibri(0)/m/n/12 Understand and apply important terms to describe behavi
oural change
 []


Underfull \hbox (badness 3590) in paragraph at lines 364--366
\TU/Calibri(0)/m/n/12 parameter, control parameter, state-space, phase-space, p
hase transition,
 []

[11] [12]

Package xcolor Warning: Incompatible color definition on input line 437.

File: images/important.png Graphic file (type bmp)
<images/important.png>

Package xcolor Warning: Incompatible color definition on input line 439.


Package xcolor Warning: Incompatible color definition on input line 439.


Package xcolor Warning: Incompatible color definition on input line 441.

File: images/kennen.png Graphic file (type bmp)
<images/kennen.png>

Package xcolor Warning: Incompatible color definition on input line 443.


Package xcolor Warning: Incompatible color definition on input line 443.

[13]

Package xcolor Warning: Incompatible color definition on input line 443.


Package xcolor Warning: Incompatible color definition on input line 443.


Package xcolor Warning: Incompatible color definition on input line 445.

File: images/note.png Graphic file (type bmp)
<images/note.png>

Package xcolor Warning: Incompatible color definition on input line 447.


Package xcolor Warning: Incompatible color definition on input line 447.


Package xcolor Warning: Incompatible color definition on input line 449.

File: images/selfThink.png Graphic file (type bmp)
<images/selfThink.png>

Package xcolor Warning: Incompatible color definition on input line 451.


Package xcolor Warning: Incompatible color definition on input line 451.


Package xcolor Warning: Incompatible color definition on input line 453.

File: images/entertain.png Graphic file (type bmp)
<images/entertain.png>

Package xcolor Warning: Incompatible color definition on input line 455.


Package xcolor Warning: Incompatible color definition on input line 455.

[14]
LaTeX Font Info:    Font shape `TU/SourceCodePro(0)/m/n' will be
(Font)              scaled to size 8.39996pt on input line 461.
Font mapping `tex-ansi.tec' for font `Source Code Pro' not found.
[15] [16

]
LaTeX Font Info:    Font shape `TU/SourceCodePro(0)/bx/n' will be
(Font)              scaled to size 17.41592pt on input line 464.
Font mapping `tex-ansi.tec' for font `Source Code Pro Bold' not found.
[17]
LaTeX Font Info:    Font shape `TU/SourceCodePro(0)/bx/n' will be
(Font)              scaled to size 12.09593pt on input line 470.
Font mapping `tex-ansi.tec' for font `Source Code Pro Bold' not found.
LaTeX Font Info:    Font shape `TU/Calibri(0)/bx/n' will be
(Font)              scaled to size 11.03357pt on input line 478.
LaTeX Font Info:    Font shape `TU/SourceCodePro(0)/bx/n' will be
(Font)              scaled to size 8.39996pt on input line 478.
Font mapping `tex-ansi.tec' for font `Source Code Pro Bold' not found.
[18] [19] [20] [21]

Package natbib Warning: Citation `R-bookdown' on page 22 undefined on input lin
e 570.


Package natbib Warning: Citation `R-base' on page 22 undefined on input line 57
0.


Package natbib Warning: Citation `R-rmarkdown' on page 22 undefined on input li
ne 570.


Package natbib Warning: Citation `R-knitr' on page 22 undefined on input line 5
70.


Package natbib Warning: Citation `R-shiny' on page 22 undefined on input line 5
72.


Package natbib Warning: Citation `R-DT' on page 22 undefined on input line 574.



Package natbib Warning: Citation `R-htmlTable' on page 22 undefined on input li
ne 574.


Package natbib Warning: Citation `R-plyr' on page 22 undefined on input line 57
4.


Package natbib Warning: Citation `R-dplyr' on page 22 undefined on input line 5
74.


Package natbib Warning: Citation `R-tidyr' on page 22 undefined on input line 5
74.


Package natbib Warning: Citation `R-png' on page 22 undefined on input line 574
.


Package natbib Warning: Citation `R-rio' on page 22 undefined on input line 574
.

[22] [23

] [24]
Chapter 1.
LaTeX Font Info:    Font shape `TU/Calibri(0)/m/n' will be
(Font)              scaled to size 10.16336pt on input line 582.
LaTeX Font Info:    Font shape `TU/GillSansLight(0)/m/n' will be
(Font)              scaled to size 10.44305pt on input line 582.
LaTeX Font Info:    Font shape `TU/Calibri(0)/bx/n' will be
(Font)              scaled to size 10.06812pt on input line 585.

Package natbib Warning: Citation `meehl1967a' on page 25 undefined on input lin
e 585.


Package natbib Warning: Citation `pashler2012a' on page 25 undefined on input l
ine 592.

[25

]
File: images/F1_large.jpg Graphic file (type bmp)
<images/F1_large.jpg>

Package natbib Warning: Citation `casadevall2016a' on page 26 undefined on inpu
t line 609.

[26] [27]

Package natbib Warning: Citation `walker2015a' on page 28 undefined on input li
ne 653.

[28]

Package natbib Warning: Citation `walker2015a' on page 29 undefined on input li
ne 675.

[29]

Package natbib Warning: Citation `world2002a' on page 30 undefined on input lin
e 697.

[30]
LaTeX Font Info:    Font shape `TU/Calibri(0)/m/n' will be
(Font)              scaled to size 7.4253pt on input line 703.
LaTeX Font Info:    Font shape `TU/Calibri(0)/m/n' will be
(Font)              scaled to size 9.28162pt on input line 703.
LaTeX Font Info:    External font `lmex10' loaded for size
(Font)              <10> on input line 703.
LaTeX Font Info:    External font `lmex10' loaded for size
(Font)              <7> on input line 703.
LaTeX Font Info:    External font `lmex10' loaded for size
(Font)              <5> on input line 703.
LaTeX Font Info:    Font shape `TU/Calibri(0)/m/n' will be
(Font)              scaled to size 6.49713pt on input line 703.
[31]

Package xcolor Warning: Incompatible color definition on input line 720.

File: images/important.png Graphic file (type bmp)
<images/important.png>
File: images/facts.jpg Graphic file (type bmp)
<images/facts.jpg>

Package xcolor Warning: Incompatible color definition on input line 722.


Package xcolor Warning: Incompatible color definition on input line 722.

[32]

Package natbib Warning: Citation `ashby1945a' on page 33 undefined on input lin
e 730.

LaTeX Font Info:    Font shape `TU/Calibri(0)/m/it' will be
(Font)              scaled to size 10.0997pt on input line 741.
[33] [34

]

Package xcolor Warning: Incompatible color definition on input line 800.

File: images/important.png Graphic file (type bmp)
<images/important.png>
File: images/epi_onto.jpg Graphic file (type bmp)
<images/epi_onto.jpg>

Package xcolor Warning: Incompatible color definition on input line 804.


Package xcolor Warning: Incompatible color definition on input line 804.


Package xcolor Warning: Incompatible color definition on input line 806.

File: images/important.png Graphic file (type bmp)
<images/important.png>
File: images/epis.jpg Graphic file (type bmp)
<images/epis.jpg>

Package xcolor Warning: Incompatible color definition on input line 810.


Package xcolor Warning: Incompatible color definition on input line 810.

[35] [36

]
Chapter 2.

Package natbib Warning: Citation `turvey2012a' on page 37 undefined on input li
ne 817.

[37] [38

] [39] [40]
Chapter 3.
[41

] [42]
File: CSA-Book_files/figure-latex/unnamed-chunk-2-1.pdf Graphic file (type pdf)

<use CSA-Book_files/figure-latex/unnamed-chunk-2-1.pdf>

Package xcolor Warning: Incompatible color definition on input line 866.

File: images/kennen.png Graphic file (type bmp)
<images/kennen.png>

Package xcolor Warning: Incompatible color definition on input line 868.


Package xcolor Warning: Incompatible color definition on input line 868.


Package xcolor Warning: Incompatible color definition on input line 868.

[43]

Package xcolor Warning: Incompatible color definition on input line 868.


Package xcolor Warning: Incompatible color definition on input line 868.

LaTeX Font Info:    External font `lmex10' loaded for size
(Font)              <10.95> on input line 873.
[44]
File: CSA-Book_files/figure-latex/unnamed-chunk-4-1.pdf Graphic file (type pdf)

<use CSA-Book_files/figure-latex/unnamed-chunk-4-1.pdf>
[45] [46]

Package xcolor Warning: Incompatible color definition on input line 920.

LaTeX Font Info:    Font shape `TU/SourceCodePro(0)/m/it' will be
(Font)              scaled to size 8.39996pt on input line 923.
Font mapping `tex-ansi.tec' for font `Source Code Pro Italic' not found.

Package xcolor Warning: Incompatible color definition on input line 928.


Package xcolor Warning: Incompatible color definition on input line 928.

File: CSA-Book_files/figure-latex/unnamed-chunk-5-1.pdf Graphic file (type pdf)

<use CSA-Book_files/figure-latex/unnamed-chunk-5-1.pdf>

Package xcolor Warning: Incompatible color definition on input line 932.


Package xcolor Warning: Incompatible color definition on input line 937.


Package xcolor Warning: Incompatible color definition on input line 937.


Package xcolor Warning: Incompatible color definition on input line 943.

[47]

Package xcolor Warning: Incompatible color definition on input line 948.


Package xcolor Warning: Incompatible color definition on input line 948.


Package xcolor Warning: Incompatible color definition on input line 967.


Package xcolor Warning: Incompatible color definition on input line 972.


Package xcolor Warning: Incompatible color definition on input line 972.


Package xcolor Warning: Incompatible color definition on input line 978.


Package xcolor Warning: Incompatible color definition on input line 983.


Package xcolor Warning: Incompatible color definition on input line 983.


Overfull \hbox (3.11829pt too wide) in paragraph at lines 998--998
[]\TU/SourceCodePro(0)/m/n/12 ##   [1]   10   20   30   40   50   60   70   80 
  90  100  110  120  130  140[] 
 []


Overfull \hbox (3.11829pt too wide) in paragraph at lines 998--998
[]\TU/SourceCodePro(0)/m/n/12 ##  [15]  150  160  170  180  190  200  210  220 
 230  240  250  260  270  280[] 
 []


Overfull \hbox (3.11829pt too wide) in paragraph at lines 998--998
[]\TU/SourceCodePro(0)/m/n/12 ##  [29]  290  300  310  320  330  340  350  360 
 370  380  390  400  410  420[] 
 []


Overfull \hbox (3.11829pt too wide) in paragraph at lines 998--998
[]\TU/SourceCodePro(0)/m/n/12 ##  [43]  430  440  450  460  470  480  490  500 
 510  520  530  540  550  560[] 
 []


Overfull \hbox (3.11829pt too wide) in paragraph at lines 998--998
[]\TU/SourceCodePro(0)/m/n/12 ##  [57]  570  580  590  600  610  620  630  640 
 650  660  670  680  690  700[] 
 []


Overfull \hbox (3.11829pt too wide) in paragraph at lines 998--998
[]\TU/SourceCodePro(0)/m/n/12 ##  [71]  710  720  730  740  750  760  770  780 
 790  800  810  820  830  840[] 
 []


Overfull \hbox (3.11829pt too wide) in paragraph at lines 998--998
[]\TU/SourceCodePro(0)/m/n/12 ##  [85]  850  860  870  880  890  900  910  920 
 930  940  950  960  970  980[] 
 []

[48]
LaTeX Font Info:    Font shape `TU/SourceCodePro(0)/bx/n' will be
(Font)              scaled to size 10.07994pt on input line 1001.
Font mapping `tex-ansi.tec' for font `Source Code Pro Bold' not found.

Package xcolor Warning: Incompatible color definition on input line 1005.


Package xcolor Warning: Incompatible color definition on input line 1014.


Package xcolor Warning: Incompatible color definition on input line 1014.

File: CSA-Book_files/figure-latex/unnamed-chunk-7-1.pdf Graphic file (type pdf)

<use CSA-Book_files/figure-latex/unnamed-chunk-7-1.pdf>

Package xcolor Warning: Incompatible color definition on input line 1018.


Package xcolor Warning: Incompatible color definition on input line 1023.


Package xcolor Warning: Incompatible color definition on input line 1023.

File: CSA-Book_files/figure-latex/unnamed-chunk-7-2.pdf Graphic file (type pdf)

<use CSA-Book_files/figure-latex/unnamed-chunk-7-2.pdf>

Underfull \vbox (badness 10000) has occurred while \output is active []

[49]

Package xcolor Warning: Incompatible color definition on input line 1033.


Package xcolor Warning: Incompatible color definition on input line 1043.


Package xcolor Warning: Incompatible color definition on input line 1043.

File: CSA-Book_files/figure-latex/unnamed-chunk-8-1.pdf Graphic file (type pdf)

<use CSA-Book_files/figure-latex/unnamed-chunk-8-1.pdf>

Underfull \vbox (badness 10000) has occurred while \output is active []

[50]

Package xcolor Warning: Incompatible color definition on input line 1050.


Package xcolor Warning: Incompatible color definition on input line 1066.


Package xcolor Warning: Incompatible color definition on input line 1066.

File: CSA-Book_files/figure-latex/unnamed-chunk-9-1.pdf Graphic file (type pdf)

<use CSA-Book_files/figure-latex/unnamed-chunk-9-1.pdf>

Underfull \vbox (badness 10000) has occurred while \output is active []

[51]

Package xcolor Warning: Incompatible color definition on input line 1074.


Package xcolor Warning: Incompatible color definition on input line 1086.


Package xcolor Warning: Incompatible color definition on input line 1086.

File: CSA-Book_files/figure-latex/unnamed-chunk-10-1.pdf Graphic file (type pdf
)
<use CSA-Book_files/figure-latex/unnamed-chunk-10-1.pdf>

Underfull \vbox (badness 10000) has occurred while \output is active []

[52]

Package xcolor Warning: Incompatible color definition on input line 1095.


Package xcolor Warning: Incompatible color definition on input line 1113.


Package xcolor Warning: Incompatible color definition on input line 1113.


Package xcolor Warning: Incompatible color definition on input line 1113.

[53]

Package xcolor Warning: Incompatible color definition on input line 1113.


Package xcolor Warning: Incompatible color definition on input line 1113.

File: CSA-Book_files/figure-latex/unnamed-chunk-11-1.pdf Graphic file (type pdf
)
<use CSA-Book_files/figure-latex/unnamed-chunk-11-1.pdf>

Package xcolor Warning: Incompatible color definition on input line 1117.


Package xcolor Warning: Incompatible color definition on input line 1121.


Package xcolor Warning: Incompatible color definition on input line 1121.


Package xcolor Warning: Incompatible color definition on input line 1125.


Package xcolor Warning: Incompatible color definition on input line 1131.


Package xcolor Warning: Incompatible color definition on input line 1131.

File: CSA-Book_files/figure-latex/unnamed-chunk-12-1.pdf Graphic file (type pdf
)
<use CSA-Book_files/figure-latex/unnamed-chunk-12-1.pdf>

Underfull \vbox (badness 10000) has occurred while \output is active []

[54]
File: CSA-Book_files/figure-latex/unnamed-chunk-12-2.pdf Graphic file (type pdf
)
<use CSA-Book_files/figure-latex/unnamed-chunk-12-2.pdf>

Package xcolor Warning: Incompatible color definition on input line 1137.


Package xcolor Warning: Incompatible color definition on input line 1141.


Package xcolor Warning: Incompatible color definition on input line 1141.

[55]

Package natbib Warning: Citation `wickham2014a' on page 56 undefined on input l
ine 1156.


Package xcolor Warning: Incompatible color definition on input line 1161.


Package xcolor Warning: Incompatible color definition on input line 1174.


Package xcolor Warning: Incompatible color definition on input line 1174.


Package xcolor Warning: Incompatible color definition on input line 1185.


Package xcolor Warning: Incompatible color definition on input line 1193.


Package xcolor Warning: Incompatible color definition on input line 1193.


Package xcolor Warning: Incompatible color definition on input line 1203.


Package xcolor Warning: Incompatible color definition on input line 1210.


Package xcolor Warning: Incompatible color definition on input line 1210.

File: CSA-Book_files/figure-latex/unnamed-chunk-13-1.pdf Graphic file (type pdf
)
<use CSA-Book_files/figure-latex/unnamed-chunk-13-1.pdf>
[56]

Package xcolor Warning: Incompatible color definition on input line 1214.


Package xcolor Warning: Incompatible color definition on input line 1222.


Package xcolor Warning: Incompatible color definition on input line 1222.

File: CSA-Book_files/figure-latex/unnamed-chunk-13-2.pdf Graphic file (type pdf
)
<use CSA-Book_files/figure-latex/unnamed-chunk-13-2.pdf>

Underfull \vbox (badness 10000) has occurred while \output is active []

[57]

Package xcolor Warning: Incompatible color definition on input line 1226.


Package xcolor Warning: Incompatible color definition on input line 1234.


Package xcolor Warning: Incompatible color definition on input line 1234.

File: CSA-Book_files/figure-latex/unnamed-chunk-13-3.pdf Graphic file (type pdf
)
<use CSA-Book_files/figure-latex/unnamed-chunk-13-3.pdf>

Underfull \vbox (badness 10000) has occurred while \output is active []

[58]

Package xcolor Warning: Incompatible color definition on input line 1240.


Package xcolor Warning: Incompatible color definition on input line 1255.


Package xcolor Warning: Incompatible color definition on input line 1255.

File: CSA-Book_files/figure-latex/unnamed-chunk-14-1.pdf Graphic file (type pdf
)
<use CSA-Book_files/figure-latex/unnamed-chunk-14-1.pdf>

Underfull \vbox (badness 10000) has occurred while \output is active []

[59]

Package xcolor Warning: Incompatible color definition on input line 1259.


Package xcolor Warning: Incompatible color definition on input line 1268.


Package xcolor Warning: Incompatible color definition on input line 1268.

File: CSA-Book_files/figure-latex/unnamed-chunk-14-2.pdf Graphic file (type pdf
)
<use CSA-Book_files/figure-latex/unnamed-chunk-14-2.pdf>

Package xcolor Warning: Incompatible color definition on input line 1272.

[60]

Package xcolor Warning: Incompatible color definition on input line 1281.


Package xcolor Warning: Incompatible color definition on input line 1281.

File: CSA-Book_files/figure-latex/unnamed-chunk-14-3.pdf Graphic file (type pdf
)
<use CSA-Book_files/figure-latex/unnamed-chunk-14-3.pdf>
[61]

Package xcolor Warning: Incompatible color definition on input line 1305.


Package xcolor Warning: Incompatible color definition on input line 1318.


Package xcolor Warning: Incompatible color definition on input line 1318.

File: CSA-Book_files/figure-latex/unnamed-chunk-15-1.pdf Graphic file (type pdf
)
<use CSA-Book_files/figure-latex/unnamed-chunk-15-1.pdf>

Underfull \vbox (badness 10000) has occurred while \output is active []

[62]

Package xcolor Warning: Incompatible color definition on input line 1322.


Package xcolor Warning: Incompatible color definition on input line 1328.


Package xcolor Warning: Incompatible color definition on input line 1328.

File: CSA-Book_files/figure-latex/unnamed-chunk-15-2.pdf Graphic file (type pdf
)
<use CSA-Book_files/figure-latex/unnamed-chunk-15-2.pdf>

Package xcolor Warning: Incompatible color definition on input line 1332.


Package xcolor Warning: Incompatible color definition on input line 1344.


Package xcolor Warning: Incompatible color definition on input line 1344.


Underfull \vbox (badness 4927) detected at line 1344
 []


Package xcolor Warning: Incompatible color definition on input line 1344.


Underfull \vbox (badness 2134) has occurred while \output is active []

[63]

Package xcolor Warning: Incompatible color definition on input line 1344.


Package xcolor Warning: Incompatible color definition on input line 1344.

File: CSA-Book_files/figure-latex/unnamed-chunk-15-3.pdf Graphic file (type pdf
)
<use CSA-Book_files/figure-latex/unnamed-chunk-15-3.pdf>
[64]

Package xcolor Warning: Incompatible color definition on input line 1376.


Package xcolor Warning: Incompatible color definition on input line 1384.


Package xcolor Warning: Incompatible color definition on input line 1384.


Package xcolor Warning: Incompatible color definition on input line 1392.

[65]

Package xcolor Warning: Incompatible color definition on input line 1400.


Package xcolor Warning: Incompatible color definition on input line 1400.

File: CSA-Book_files/figure-latex/unnamed-chunk-17-1.pdf Graphic file (type pdf
)
<use CSA-Book_files/figure-latex/unnamed-chunk-17-1.pdf>

Package xcolor Warning: Incompatible color definition on input line 1420.


Package xcolor Warning: Incompatible color definition on input line 1434.


Package xcolor Warning: Incompatible color definition on input line 1434.


Package xcolor Warning: Incompatible color definition on input line 1434.

[66]

Package xcolor Warning: Incompatible color definition on input line 1434.


Package xcolor Warning: Incompatible color definition on input line 1434.

File: CSA-Book_files/figure-latex/unnamed-chunk-18-1.pdf Graphic file (type pdf
)
<use CSA-Book_files/figure-latex/unnamed-chunk-18-1.pdf>

Package xcolor Warning: Incompatible color definition on input line 1445.


Package xcolor Warning: Incompatible color definition on input line 1496.


Package xcolor Warning: Incompatible color definition on input line 1496.


Package xcolor Warning: Incompatible color definition on input line 1496.

[67]

Package xcolor Warning: Incompatible color definition on input line 1496.


Package xcolor Warning: Incompatible color definition on input line 1496.


Overfull \vbox (1.47838pt too high) detected at line 1496
 []


Package xcolor Warning: Incompatible color definition on input line 1496.

[68]

Package xcolor Warning: Incompatible color definition on input line 1496.


Package xcolor Warning: Incompatible color definition on input line 1496.


Package xcolor Warning: Incompatible color definition on input line 1500.


Package xcolor Warning: Incompatible color definition on input line 1530.


Package xcolor Warning: Incompatible color definition on input line 1530.

File: CSA-Book_files/figure-latex/unnamed-chunk-20-1.pdf Graphic file (type pdf
)
<use CSA-Book_files/figure-latex/unnamed-chunk-20-1.pdf>

Underfull \vbox (badness 5345) has occurred while \output is active []

[69]

Package xcolor Warning: Incompatible color definition on input line 1534.


Package xcolor Warning: Incompatible color definition on input line 1543.


Package xcolor Warning: Incompatible color definition on input line 1543.

File: CSA-Book_files/figure-latex/unnamed-chunk-20-2.pdf Graphic file (type pdf
)
<use CSA-Book_files/figure-latex/unnamed-chunk-20-2.pdf>

Underfull \vbox (badness 10000) has occurred while \output is active []

[70] [71]
LaTeX Font Info:    Font shape `TU/GillSansLight(0)/m/it' will be
(Font)              scaled to size 10.44305pt on input line 1564.
LaTeX Font Info:    Font shape `TU/SourceCodePro(0)/m/n' will be
(Font)              scaled to size 7.66496pt on input line 1564.
Font mapping `tex-ansi.tec' for font `Source Code Pro' not found.
[72] [73] [74

]
Chapter 4.
[75] [76

]
Chapter 5.
[77] [78] [79] [80] [81] [82]
Underfull \hbox (badness 1005) in paragraph at lines 1655--1656
[]\TU/Calibri(0)/m/n/12 Anatomically out first, a mammalian brain reveals fract
al properties in branching
 []


Underfull \hbox (badness 1019) in paragraph at lines 1659--1660
\TU/Calibri(0)/m/n/12 Babadi, & Noroozian, 2005), autism (Lai et al., 2010), ep
ilepsy (Ramon, Holmes,
 []

[83] [84] [85] [86] [87] [88] [89] [90] [91] [92] [93] [94] [95] [96] [97] [98]
[99] [100] [101]
Underfull \hbox (badness 1314) in paragraph at lines 1827--1828
\TU/Calibri(0)/m/n/12 presented, however, based on a modular approach it is cle
ar that the post-hoc
 []


Underfull \hbox (badness 1173) in paragraph at lines 1831--1888
\TU/Calibri(0)/m/n/12 in patients with Parkinsons disease: A pilot study. Clin
ical Neuropharmacology,
 []


Underfull \hbox (badness 1394) in paragraph at lines 1831--1888
\TU/Calibri(0)/m/n/12 29, 15-17. [][]$[][][] [] [][] [] [][][][] [] [][][][][][
][][][][][][][][][][][][][][][][][][][][]$[][] Ashkenazy, Y., Ivanov, P. C.,
 []


Underfull \hbox (badness 1014) in paragraph at lines 1831--1888
\TU/Calibri(0)/m/n/12 and effort on implicit measures of racial bias. Journal o
f Personality and Social
 []


Underfull \hbox (badness 1052) in paragraph at lines 1831--1888
\TU/Calibri(0)/m/n/12 Psychology, 94, 4859. [][]$[][][] [] [][] [] [][][][] []
 [][][][][][][][][][] [] [][] [] [] [] [][]$[][] Correll, J. (2011). Order
 []


Underfull \hbox (badness 1102) in paragraph at lines 1831--1888
\TU/Calibri(0)/m/n/12 A reply to Repp and Steinman (2010). Journal of Motor Beh
avior, 43, 311-318.
 []


Underfull \hbox (badness 1242) in paragraph at lines 1831--1888
\TU/Calibri(0)/m/n/12 Duarte, M., & Zatsiorsky, V. M. (2001). Long-range correl
ations in human stan-
 []


Underfull \hbox (badness 2096) in paragraph at lines 1831--1888
\TU/Calibri(0)/m/n/12 plexity in temporal physiological signals. Physiological 
Measurement, 23, 138.
 []


Underfull \hbox (badness 6477) in paragraph at lines 1831--1888
[][]$[][][] [] [][] [] [][][][] [] [][][][][][][][][][] [] [][] [] [] [] [][][]
$[][] \TU/Calibri(0)/m/n/12 Farrell, S., Wagenmakers, E.-J., & Ratcliff, R.
 []


Underfull \hbox (badness 2189) in paragraph at lines 1831--1888
\TU/Calibri(0)/m/n/12 Psychonomic Bulletin & Review, 13, 737-741. [][]$[][][] [
] [][] [] [][][][] [] [][][][][][][][][][]$[][] Fitts, P.
 []


Underfull \hbox (badness 1173) in paragraph at lines 1831--1888
\TU/Calibri(0)/m/n/12 M. (1954). The information capacity of the human motor sy
stem in controlling
 []


Underfull \hbox (badness 1436) in paragraph at lines 1831--1888
\TU/Calibri(0)/m/n/12 the amplitude of movement. Journal of Experimental Psycho
logy: General, 47,
 []


Underfull \hbox (badness 1902) in paragraph at lines 1831--1888
\TU/Calibri(0)/m/n/12 Clinical Neurophysiology, 114(6),10531068. [][]$[][][] [
] [][] [] [][][][] [] [][][][][][][][][][][][][][] [] [][][][][][][][]$[][]
 []


Underfull \hbox (badness 1168) in paragraph at lines 1831--1888
\TU/Calibri(0)/m/n/12 33, 14411467. [][]$[][][] [] [][] [] [][][][] [] [] [] [
][][][][][][][][][] [] [][][][] [] [][][][][] [] []$[][] Gilden, D. L., & Hanco
ck,
 []


Underfull \hbox (badness 1348) in paragraph at lines 1831--1888
[][]$[][][] [] [][] [] [][][][] [] [][][][][][][] [] [][][][][][][]$[][] \TU/Ca
libri(0)/m/n/12 Giugliano, M., Darbon, P., Arsiero, M., Luescher, H.
 []


Underfull \hbox (badness 1303) in paragraph at lines 1831--1888
\TU/Calibri(0)/m/n/12 R., & Streit, J. (2004). Single neuron discharge properti
es and network activity
 []


Underfull \hbox (badness 1968) in paragraph at lines 1831--1888
\TU/Calibri(0)/m/n/12 in dissociated cultures of neocortex. Journal of Neurophy
siology, 92, 977996.
 []


Underfull \hbox (badness 2384) in paragraph at lines 1831--1888
\TU/Calibri(0)/m/n/12 stride-to-stride fluctuations of human walking. Human Mov
ement Science, 26,
 []

[102] [103] [104] [105]
Underfull \vbox (badness 4752) has occurred while \output is active []

[106] [107] [108] [109] [110]
Underfull \vbox (badness 4752) has occurred while \output is active []

[111] [112]
Chapter 6.
[113

] [114

]
Chapter 7.
[115] [116

]
Chapter 8.
[117] [118

]
Chapter 9.
[119] [120

]
B"ylage A.
[121] [122] [123] [124] [125] [126] [127] [128] [129] [130] [131] [132]
No file CSA-Book.bbl.

Package natbib Warning: There were undefined citations.

Package atveryend Info: Empty hook `BeforeClearDocument' on input line 2779.
[133]
Package atveryend Info: Empty hook `AfterLastShipout' on input line 2779.
(./CSA-Book.aux)
Package atveryend Info: Empty hook `AtVeryEndDocument' on input line 2779.
Package atveryend Info: Executing hook `AtEndAfterFileList' on input line 2779.


Package rerunfilecheck Warning: File `CSA-Book.out' has changed.
(rerunfilecheck)                Rerun to get outlines right
(rerunfilecheck)                or use package `bookmark'.

Package rerunfilecheck Info: Checksums for `CSA-Book.out':
(rerunfilecheck)             Before: 
(rerunfilecheck)             After:  EDE1DA0042FE57EA4795A357B387B01E.

LaTeX Warning: Label(s) may have changed. Rerun to get cross-references right.

 ) 
Here is how much of TeX's memory you used:
 28728 strings out of 492933
 527075 string characters out of 6133146
 766423 words of memory out of 5000000
 32308 multiletter control sequences out of 15000+600000
 561588 words of font info for 122 fonts, out of 8000000 for 9000
 1348 hyphenation exceptions out of 8191
 53i,12n,116p,1849b,487s stack positions out of 5000i,500n,10000p,200000b,80000s

Output written on CSA-Book.pdf (133 pages).
